<?xml version="1.0" encoding="UTF-8"?>
<!-- Generated by org.testng.reporters.JUnitReportReporter -->
<testsuite skipped="0" hostname="DESKTOP-6HO55JN" name="com.Day9_Assignments.Handling_Popup" tests="1" failures="0" timestamp="2021-07-16T14:42:35 IST" time="38.393" errors="0">
  <testcase name="popup_handling" time="38.393" classname="com.Day9_Assignments.Handling_Popup"/>
  <system-out/>
</testsuite> <!-- com.Day9_Assignments.Handling_Popup -->
